<?xml version="1.0" encoding="UTF-8"?>
<!-- Generated by org.testng.reporters.JUnitReportReporter -->
<testsuite skipped="0" hostname="VENKAT" name="testing.NewTest" tests="3" failures="0" timestamp="09 Feb 2018 10:36:53 GMT" time="0.029" errors="0">
  <testcase name="f1" time="0.015" classname="testing.NewTest"/>
  <testcase name="f3" time="0.007" classname="testing.NewTest"/>
  <testcase name="f" time="0.007" classname="testing.NewTest"/>
</testsuite> <!-- testing.NewTest -->
